<?xml version="1.0" encoding="UTF-8"?>
<!-- Generated by org.testng.reporters.JUnitXMLReporter -->
<testsuite hostname="HIREN" name="Default test" tests="5" failures="0" timestamp="11 Feb 2016 08:32:13 GMT" time="3.666" errors="0">
  <testcase name="" time="0.335" classname="springmvc.model.dao.UserDaoTest"/>
  <testcase name="" time="0.012" classname="springmvc.model.dao.UserDaoTest"/>
  <testcase name="" time="0.073" classname="springmvc.model.dao.UserDaoTest"/>
  <testcase name="" time="0.006" classname="springmvc.model.dao.UserDaoTest"/>
  <testcase name="" time="0.02" classname="springmvc.model.dao.UserDaoTest"/>
</testsuite> <!-- Default test -->
