<?xml version="1.0" encoding="UTF-8"?>
<testng-results skipped="0" failed="0" total="5" passed="5">
  <reporter-output>
  </reporter-output>
  <suite name="springmvc.model.dao.UserDaoTest" duration-ms="2703" started-at="2016-03-09T07:51:12Z" finished-at="2016-03-09T07:51:15Z">
    <groups>
      <group name="UserDaoTest">
        <method signature="UserDaoTest.getApplication()[pri:0, instance:springmvc.model.dao.UserDaoTest@578486a3]" name="getApplication" class="springmvc.model.dao.UserDaoTest"/>
        <method signature="UserDaoTest.getDepartments()[pri:0, instance:springmvc.model.dao.UserDaoTest@578486a3]" name="getDepartments" class="springmvc.model.dao.UserDaoTest"/>
        <method signature="UserDaoTest.getStudent()[pri:0, instance:springmvc.model.dao.UserDaoTest@578486a3]" name="getStudent" class="springmvc.model.dao.UserDaoTest"/>
        <method signature="UserDaoTest.getUser()[pri:0, instance:springmvc.model.dao.UserDaoTest@578486a3]" name="getUser" class="springmvc.model.dao.UserDaoTest"/>
        <method signature="UserDaoTest.getUsers()[pri:0, instance:springmvc.model.dao.UserDaoTest@578486a3]" name="getUsers" class="springmvc.model.dao.UserDaoTest"/>
      </group> <!-- UserDaoTest -->
    </groups>
    <test name="Command line test" duration-ms="2703" started-at="2016-03-09T07:51:12Z" finished-at="2016-03-09T07:51:15Z">
      <class name="springmvc.model.dao.UserDaoTest">
        <test-method status="PASS" signature="springTestContextBeforeTestClass()[pri:0, instance:springmvc.model.dao.UserDaoTest@578486a3]" test-instance-name="" name="springTestContextBeforeTestClass" is-config="true" duration-ms="11" started-at="2016-03-08T23:51:12Z" finished-at="2016-03-08T23:51:12Z">
          <reporter-output>
          </reporter-output>
        </test-method> <!-- springTestContextBeforeTestClass -->
        <test-method name="springTestContextPrepareTestInstance" test-instance-name="" signature="springTestContextPrepareTestInstance()[pri:0, instance:springmvc.model.dao.UserDaoTest@578486a3]" is-config="true" status="PASS" duration-ms="2595" finished-at="2016-03-08T23:51:14Z" started-at="2016-03-08T23:51:12Z" depends-on-methods="org.springframework.test.context.testng.AbstractTestNGSpringContextTests.springTestContextBeforeTestClass">
          <reporter-output>
          </reporter-output>
        </test-method> <!-- springTestContextPrepareTestInstance -->
        <test-method status="PASS" signature="springTestContextBeforeTestMethod(java.lang.reflect.Method)[pri:0, instance:springmvc.model.dao.UserDaoTest@578486a3]" test-instance-name="" name="springTestContextBeforeTestMethod" is-config="true" duration-ms="14" started-at="2016-03-08T23:51:14Z" finished-at="2016-03-08T23:51:14Z">
          <params>
            <param index="0">
              <value>
                <![CDATA[public void springmvc.model.dao.UserDaoTest.getApplication()]]>
              </value>
            </param>
          </params>
          <reporter-output>
          </reporter-output>
        </test-method> <!-- springTestContextBeforeTestMethod -->
        <test-method status="PASS" signature="getApplication()[pri:0, instance:springmvc.model.dao.UserDaoTest@578486a3]" test-instance-name="" name="getApplication" duration-ms="2" started-at="2016-03-08T23:51:14Z" finished-at="2016-03-08T23:51:14Z">
          <reporter-output>
          </reporter-output>
        </test-method> <!-- getApplication -->
        <test-method status="PASS" signature="springTestContextAfterTestMethod(java.lang.reflect.Method)[pri:0, instance:springmvc.model.dao.UserDaoTest@578486a3]" test-instance-name="" name="springTestContextAfterTestMethod" is-config="true" duration-ms="16" started-at="2016-03-08T23:51:14Z" finished-at="2016-03-08T23:51:14Z">
          <params>
            <param index="0">
              <value>
                <![CDATA[public void springmvc.model.dao.UserDaoTest.getApplication()]]>
              </value>
            </param>
          </params>
          <reporter-output>
          </reporter-output>
        </test-method> <!-- springTestContextAfterTestMethod -->
        <test-method status="PASS" signature="springTestContextBeforeTestMethod(java.lang.reflect.Method)[pri:0, instance:springmvc.model.dao.UserDaoTest@578486a3]" test-instance-name="" name="springTestContextBeforeTestMethod" is-config="true" duration-ms="3" started-at="2016-03-08T23:51:14Z" finished-at="2016-03-08T23:51:14Z">
          <params>
            <param index="0">
              <value>
                <![CDATA[public void springmvc.model.dao.UserDaoTest.getDepartments()]]>
              </value>
            </param>
          </params>
          <reporter-output>
          </reporter-output>
        </test-method> <!-- springTestContextBeforeTestMethod -->
        <test-method status="PASS" signature="getDepartments()[pri:0, instance:springmvc.model.dao.UserDaoTest@578486a3]" test-instance-name="" name="getDepartments" duration-ms="1" started-at="2016-03-08T23:51:14Z" finished-at="2016-03-08T23:51:14Z">
          <reporter-output>
          </reporter-output>
        </test-method> <!-- getDepartments -->
        <test-method status="PASS" signature="springTestContextAfterTestMethod(java.lang.reflect.Method)[pri:0, instance:springmvc.model.dao.UserDaoTest@578486a3]" test-instance-name="" name="springTestContextAfterTestMethod" is-config="true" duration-ms="3" started-at="2016-03-08T23:51:14Z" finished-at="2016-03-08T23:51:14Z">
          <params>
            <param index="0">
              <value>
                <![CDATA[public void springmvc.model.dao.UserDaoTest.getDepartments()]]>
              </value>
            </param>
          </params>
          <reporter-output>
          </reporter-output>
        </test-method> <!-- springTestContextAfterTestMethod -->
        <test-method status="PASS" signature="springTestContextBeforeTestMethod(java.lang.reflect.Method)[pri:0, instance:springmvc.model.dao.UserDaoTest@578486a3]" test-instance-name="" name="springTestContextBeforeTestMethod" is-config="true" duration-ms="4" started-at="2016-03-08T23:51:14Z" finished-at="2016-03-08T23:51:14Z">
          <params>
            <param index="0">
              <value>
                <![CDATA[public void springmvc.model.dao.UserDaoTest.getStudent()]]>
              </value>
            </param>
          </params>
          <reporter-output>
          </reporter-output>
        </test-method> <!-- springTestContextBeforeTestMethod -->
        <test-method status="PASS" signature="getStudent()[pri:0, instance:springmvc.model.dao.UserDaoTest@578486a3]" test-instance-name="" name="getStudent" duration-ms="1" started-at="2016-03-08T23:51:14Z" finished-at="2016-03-08T23:51:14Z">
          <reporter-output>
          </reporter-output>
        </test-method> <!-- getStudent -->
        <test-method status="PASS" signature="springTestContextAfterTestMethod(java.lang.reflect.Method)[pri:0, instance:springmvc.model.dao.UserDaoTest@578486a3]" test-instance-name="" name="springTestContextAfterTestMethod" is-config="true" duration-ms="4" started-at="2016-03-08T23:51:14Z" finished-at="2016-03-08T23:51:14Z">
          <params>
            <param index="0">
              <value>
                <![CDATA[public void springmvc.model.dao.UserDaoTest.getStudent()]]>
              </value>
            </param>
          </params>
          <reporter-output>
          </reporter-output>
        </test-method> <!-- springTestContextAfterTestMethod -->
        <test-method status="PASS" signature="springTestContextBeforeTestMethod(java.lang.reflect.Method)[pri:0, instance:springmvc.model.dao.UserDaoTest@578486a3]" test-instance-name="" name="springTestContextBeforeTestMethod" is-config="true" duration-ms="5" started-at="2016-03-08T23:51:14Z" finished-at="2016-03-08T23:51:14Z">
          <params>
            <param index="0">
              <value>
                <![CDATA[public void springmvc.model.dao.UserDaoTest.getUser()]]>
              </value>
            </param>
          </params>
          <reporter-output>
          </reporter-output>
        </test-method> <!-- springTestContextBeforeTestMethod -->
        <test-method status="PASS" signature="getUser()[pri:0, instance:springmvc.model.dao.UserDaoTest@578486a3]" test-instance-name="" name="getUser" duration-ms="1" started-at="2016-03-08T23:51:14Z" finished-at="2016-03-08T23:51:14Z">
          <reporter-output>
          </reporter-output>
        </test-method> <!-- getUser -->
        <test-method status="PASS" signature="springTestContextAfterTestMethod(java.lang.reflect.Method)[pri:0, instance:springmvc.model.dao.UserDaoTest@578486a3]" test-instance-name="" name="springTestContextAfterTestMethod" is-config="true" duration-ms="4" started-at="2016-03-08T23:51:14Z" finished-at="2016-03-08T23:51:15Z">
          <params>
            <param index="0">
              <value>
                <![CDATA[public void springmvc.model.dao.UserDaoTest.getUser()]]>
              </value>
            </param>
          </params>
          <reporter-output>
          </reporter-output>
        </test-method> <!-- springTestContextAfterTestMethod -->
        <test-method status="PASS" signature="springTestContextBeforeTestMethod(java.lang.reflect.Method)[pri:0, instance:springmvc.model.dao.UserDaoTest@578486a3]" test-instance-name="" name="springTestContextBeforeTestMethod" is-config="true" duration-ms="5" started-at="2016-03-08T23:51:15Z" finished-at="2016-03-08T23:51:15Z">
          <params>
            <param index="0">
              <value>
                <![CDATA[public void springmvc.model.dao.UserDaoTest.getUsers()]]>
              </value>
            </param>
          </params>
          <reporter-output>
          </reporter-output>
        </test-method> <!-- springTestContextBeforeTestMethod -->
        <test-method status="PASS" signature="getUsers()[pri:0, instance:springmvc.model.dao.UserDaoTest@578486a3]" test-instance-name="" name="getUsers" duration-ms="1" started-at="2016-03-08T23:51:15Z" finished-at="2016-03-08T23:51:15Z">
          <reporter-output>
          </reporter-output>
        </test-method> <!-- getUsers -->
        <test-method status="PASS" signature="springTestContextAfterTestMethod(java.lang.reflect.Method)[pri:0, instance:springmvc.model.dao.UserDaoTest@578486a3]" test-instance-name="" name="springTestContextAfterTestMethod" is-config="true" duration-ms="16" started-at="2016-03-08T23:51:15Z" finished-at="2016-03-08T23:51:15Z">
          <params>
            <param index="0">
              <value>
                <![CDATA[public void springmvc.model.dao.UserDaoTest.getUsers()]]>
              </value>
            </param>
          </params>
          <reporter-output>
          </reporter-output>
        </test-method> <!-- springTestContextAfterTestMethod -->
        <test-method status="PASS" signature="springTestContextAfterTestClass()[pri:0, instance:springmvc.model.dao.UserDaoTest@578486a3]" test-instance-name="" name="springTestContextAfterTestClass" is-config="true" duration-ms="0" started-at="2016-03-08T23:51:15Z" finished-at="2016-03-08T23:51:15Z">
          <reporter-output>
          </reporter-output>
        </test-method> <!-- springTestContextAfterTestClass -->
      </class> <!-- springmvc.model.dao.UserDaoTest -->
    </test> <!-- Command line test -->
  </suite> <!-- springmvc.model.dao.UserDaoTest -->
</testng-results>
