<?xml version="1.0" encoding="UTF-8"?>
<!-- Generated by org.testng.reporters.JUnitXMLReporter -->
<testsuite hostname="HIREN" name="Command line test" tests="5" failures="0" timestamp="9 Mar 2016 07:51:15 GMT" time="2.703" errors="0">
  <testcase name="" time="0.002" classname="springmvc.model.dao.UserDaoTest"/>
  <testcase name="" time="0.001" classname="springmvc.model.dao.UserDaoTest"/>
  <testcase name="" time="0.001" classname="springmvc.model.dao.UserDaoTest"/>
  <testcase name="" time="0.001" classname="springmvc.model.dao.UserDaoTest"/>
  <testcase name="" time="0.001" classname="springmvc.model.dao.UserDaoTest"/>
</testsuite> <!-- Command line test -->
