<?xml version="1.0" encoding="UTF-8"?>
<testng-results skipped="0" failed="0" total="5" passed="5">
  <reporter-output>
  </reporter-output>
  <suite name="Default suite" duration-ms="3666" started-at="2016-02-11T08:32:09Z" finished-at="2016-02-11T08:32:13Z">
    <groups>
      <group name="UserDaoTest">
        <method signature="UserDaoTest.getApplication()[pri:0, instance:springmvc.model.dao.UserDaoTest@56ac3a89]" name="getApplication" class="springmvc.model.dao.UserDaoTest"/>
        <method signature="UserDaoTest.getDepartments()[pri:0, instance:springmvc.model.dao.UserDaoTest@56ac3a89]" name="getDepartments" class="springmvc.model.dao.UserDaoTest"/>
        <method signature="UserDaoTest.getStudent()[pri:0, instance:springmvc.model.dao.UserDaoTest@56ac3a89]" name="getStudent" class="springmvc.model.dao.UserDaoTest"/>
        <method signature="UserDaoTest.getUser()[pri:0, instance:springmvc.model.dao.UserDaoTest@56ac3a89]" name="getUser" class="springmvc.model.dao.UserDaoTest"/>
        <method signature="UserDaoTest.getUsers()[pri:0, instance:springmvc.model.dao.UserDaoTest@56ac3a89]" name="getUsers" class="springmvc.model.dao.UserDaoTest"/>
      </group> <!-- UserDaoTest -->
    </groups>
    <test name="Default test" duration-ms="3666" started-at="2016-02-11T08:32:09Z" finished-at="2016-02-11T08:32:13Z">
      <class name="springmvc.model.dao.UserDaoTest">
        <test-method status="PASS" signature="springTestContextBeforeTestClass()[pri:0, instance:springmvc.model.dao.UserDaoTest@56ac3a89]" test-instance-name="" name="springTestContextBeforeTestClass" is-config="true" duration-ms="10" started-at="2016-02-11T00:32:09Z" finished-at="2016-02-11T00:32:09Z">
          <reporter-output>
          </reporter-output>
        </test-method> <!-- springTestContextBeforeTestClass -->
        <test-method name="springTestContextPrepareTestInstance" test-instance-name="" signature="springTestContextPrepareTestInstance()[pri:0, instance:springmvc.model.dao.UserDaoTest@56ac3a89]" is-config="true" status="PASS" duration-ms="3010" finished-at="2016-02-11T00:32:12Z" started-at="2016-02-11T00:32:09Z" depends-on-methods="org.springframework.test.context.testng.AbstractTestNGSpringContextTests.springTestContextBeforeTestClass">
          <reporter-output>
          </reporter-output>
        </test-method> <!-- springTestContextPrepareTestInstance -->
        <test-method status="PASS" signature="springTestContextBeforeTestMethod(java.lang.reflect.Method)[pri:0, instance:springmvc.model.dao.UserDaoTest@56ac3a89]" test-instance-name="" name="springTestContextBeforeTestMethod" is-config="true" duration-ms="94" started-at="2016-02-11T00:32:12Z" finished-at="2016-02-11T00:32:13Z">
          <params>
            <param index="0">
              <value>
                <![CDATA[public void springmvc.model.dao.UserDaoTest.getApplication()]]>
              </value>
            </param>
          </params>
          <reporter-output>
          </reporter-output>
        </test-method> <!-- springTestContextBeforeTestMethod -->
        <test-method status="PASS" signature="getApplication()[pri:0, instance:springmvc.model.dao.UserDaoTest@56ac3a89]" test-instance-name="" name="getApplication" duration-ms="335" started-at="2016-02-11T00:32:13Z" finished-at="2016-02-11T00:32:13Z">
          <reporter-output>
          </reporter-output>
        </test-method> <!-- getApplication -->
        <test-method status="PASS" signature="springTestContextAfterTestMethod(java.lang.reflect.Method)[pri:0, instance:springmvc.model.dao.UserDaoTest@56ac3a89]" test-instance-name="" name="springTestContextAfterTestMethod" is-config="true" duration-ms="18" started-at="2016-02-11T00:32:13Z" finished-at="2016-02-11T00:32:13Z">
          <params>
            <param index="0">
              <value>
                <![CDATA[public void springmvc.model.dao.UserDaoTest.getApplication()]]>
              </value>
            </param>
          </params>
          <reporter-output>
          </reporter-output>
        </test-method> <!-- springTestContextAfterTestMethod -->
        <test-method status="PASS" signature="springTestContextBeforeTestMethod(java.lang.reflect.Method)[pri:0, instance:springmvc.model.dao.UserDaoTest@56ac3a89]" test-instance-name="" name="springTestContextBeforeTestMethod" is-config="true" duration-ms="6" started-at="2016-02-11T00:32:13Z" finished-at="2016-02-11T00:32:13Z">
          <params>
            <param index="0">
              <value>
                <![CDATA[public void springmvc.model.dao.UserDaoTest.getDepartments()]]>
              </value>
            </param>
          </params>
          <reporter-output>
          </reporter-output>
        </test-method> <!-- springTestContextBeforeTestMethod -->
        <test-method status="PASS" signature="getDepartments()[pri:0, instance:springmvc.model.dao.UserDaoTest@56ac3a89]" test-instance-name="" name="getDepartments" duration-ms="12" started-at="2016-02-11T00:32:13Z" finished-at="2016-02-11T00:32:13Z">
          <reporter-output>
          </reporter-output>
        </test-method> <!-- getDepartments -->
        <test-method status="PASS" signature="springTestContextAfterTestMethod(java.lang.reflect.Method)[pri:0, instance:springmvc.model.dao.UserDaoTest@56ac3a89]" test-instance-name="" name="springTestContextAfterTestMethod" is-config="true" duration-ms="3" started-at="2016-02-11T00:32:13Z" finished-at="2016-02-11T00:32:13Z">
          <params>
            <param index="0">
              <value>
                <![CDATA[public void springmvc.model.dao.UserDaoTest.getDepartments()]]>
              </value>
            </param>
          </params>
          <reporter-output>
          </reporter-output>
        </test-method> <!-- springTestContextAfterTestMethod -->
        <test-method status="PASS" signature="springTestContextBeforeTestMethod(java.lang.reflect.Method)[pri:0, instance:springmvc.model.dao.UserDaoTest@56ac3a89]" test-instance-name="" name="springTestContextBeforeTestMethod" is-config="true" duration-ms="14" started-at="2016-02-11T00:32:13Z" finished-at="2016-02-11T00:32:13Z">
          <params>
            <param index="0">
              <value>
                <![CDATA[public void springmvc.model.dao.UserDaoTest.getStudent()]]>
              </value>
            </param>
          </params>
          <reporter-output>
          </reporter-output>
        </test-method> <!-- springTestContextBeforeTestMethod -->
        <test-method status="PASS" signature="getStudent()[pri:0, instance:springmvc.model.dao.UserDaoTest@56ac3a89]" test-instance-name="" name="getStudent" duration-ms="73" started-at="2016-02-11T00:32:13Z" finished-at="2016-02-11T00:32:13Z">
          <reporter-output>
          </reporter-output>
        </test-method> <!-- getStudent -->
        <test-method status="PASS" signature="springTestContextAfterTestMethod(java.lang.reflect.Method)[pri:0, instance:springmvc.model.dao.UserDaoTest@56ac3a89]" test-instance-name="" name="springTestContextAfterTestMethod" is-config="true" duration-ms="6" started-at="2016-02-11T00:32:13Z" finished-at="2016-02-11T00:32:13Z">
          <params>
            <param index="0">
              <value>
                <![CDATA[public void springmvc.model.dao.UserDaoTest.getStudent()]]>
              </value>
            </param>
          </params>
          <reporter-output>
          </reporter-output>
        </test-method> <!-- springTestContextAfterTestMethod -->
        <test-method status="PASS" signature="springTestContextBeforeTestMethod(java.lang.reflect.Method)[pri:0, instance:springmvc.model.dao.UserDaoTest@56ac3a89]" test-instance-name="" name="springTestContextBeforeTestMethod" is-config="true" duration-ms="5" started-at="2016-02-11T00:32:13Z" finished-at="2016-02-11T00:32:13Z">
          <params>
            <param index="0">
              <value>
                <![CDATA[public void springmvc.model.dao.UserDaoTest.getUser()]]>
              </value>
            </param>
          </params>
          <reporter-output>
          </reporter-output>
        </test-method> <!-- springTestContextBeforeTestMethod -->
        <test-method status="PASS" signature="getUser()[pri:0, instance:springmvc.model.dao.UserDaoTest@56ac3a89]" test-instance-name="" name="getUser" duration-ms="6" started-at="2016-02-11T00:32:13Z" finished-at="2016-02-11T00:32:13Z">
          <reporter-output>
          </reporter-output>
        </test-method> <!-- getUser -->
        <test-method status="PASS" signature="springTestContextAfterTestMethod(java.lang.reflect.Method)[pri:0, instance:springmvc.model.dao.UserDaoTest@56ac3a89]" test-instance-name="" name="springTestContextAfterTestMethod" is-config="true" duration-ms="5" started-at="2016-02-11T00:32:13Z" finished-at="2016-02-11T00:32:13Z">
          <params>
            <param index="0">
              <value>
                <![CDATA[public void springmvc.model.dao.UserDaoTest.getUser()]]>
              </value>
            </param>
          </params>
          <reporter-output>
          </reporter-output>
        </test-method> <!-- springTestContextAfterTestMethod -->
        <test-method status="PASS" signature="springTestContextBeforeTestMethod(java.lang.reflect.Method)[pri:0, instance:springmvc.model.dao.UserDaoTest@56ac3a89]" test-instance-name="" name="springTestContextBeforeTestMethod" is-config="true" duration-ms="3" started-at="2016-02-11T00:32:13Z" finished-at="2016-02-11T00:32:13Z">
          <params>
            <param index="0">
              <value>
                <![CDATA[public void springmvc.model.dao.UserDaoTest.getUsers()]]>
              </value>
            </param>
          </params>
          <reporter-output>
          </reporter-output>
        </test-method> <!-- springTestContextBeforeTestMethod -->
        <test-method status="PASS" signature="getUsers()[pri:0, instance:springmvc.model.dao.UserDaoTest@56ac3a89]" test-instance-name="" name="getUsers" duration-ms="20" started-at="2016-02-11T00:32:13Z" finished-at="2016-02-11T00:32:13Z">
          <reporter-output>
          </reporter-output>
        </test-method> <!-- getUsers -->
        <test-method status="PASS" signature="springTestContextAfterTestMethod(java.lang.reflect.Method)[pri:0, instance:springmvc.model.dao.UserDaoTest@56ac3a89]" test-instance-name="" name="springTestContextAfterTestMethod" is-config="true" duration-ms="5" started-at="2016-02-11T00:32:13Z" finished-at="2016-02-11T00:32:13Z">
          <params>
            <param index="0">
              <value>
                <![CDATA[public void springmvc.model.dao.UserDaoTest.getUsers()]]>
              </value>
            </param>
          </params>
          <reporter-output>
          </reporter-output>
        </test-method> <!-- springTestContextAfterTestMethod -->
        <test-method status="PASS" signature="springTestContextAfterTestClass()[pri:0, instance:springmvc.model.dao.UserDaoTest@56ac3a89]" test-instance-name="" name="springTestContextAfterTestClass" is-config="true" duration-ms="0" started-at="2016-02-11T00:32:13Z" finished-at="2016-02-11T00:32:13Z">
          <reporter-output>
          </reporter-output>
        </test-method> <!-- springTestContextAfterTestClass -->
      </class> <!-- springmvc.model.dao.UserDaoTest -->
    </test> <!-- Default test -->
  </suite> <!-- Default suite -->
</testng-results>
